<?xml version="1.0" encoding="UTF-8"?>
<!-- Generated by org.testng.reporters.JUnitReportReporter -->
<testsuite hostname="DESKTOP-82O1LDF" name="testcases.LoginTest" tests="2" failures="0" timestamp="1 Jun 2020 02:39:56 GMT" time="7.726" errors="0">
  <testcase name="loginToApp" time="3.668" classname="testcases.LoginTest"/>
  <testcase name="userManagement" time="4.058" classname="testcases.LoginTest"/>
</testsuite> <!-- testcases.LoginTest -->
