<?xml version="1.0" encoding="UTF-8"?>
<!-- Generated by org.testng.reporters.JUnitReportReporter -->
<testsuite hostname="DESKTOP-82O1LDF" name="testcases.LoginTest" tests="2" failures="0" timestamp="14 Feb 2020 05:31:49 GMT" time="6.535" errors="0">
  <testcase name="loginToApp" time="2.764" classname="testcases.LoginTest"/>
  <testcase name="userManagement" time="3.771" classname="testcases.LoginTest"/>
</testsuite> <!-- testcases.LoginTest -->
