<?xml version="1.0" encoding="UTF-8"?>
<!-- Generated by org.testng.reporters.JUnitReportReporter -->
<testsuite hostname="DESKTOP-82O1LDF" name="testcases.userManagementTest" tests="1" failures="0" timestamp="27 Feb 2020 04:03:36 GMT" time="6.180" errors="0">
  <testcase name="userManagement" time="6.180" classname="testcases.userManagementTest"/>
</testsuite> <!-- testcases.userManagementTest -->
